\BOOKMARK [1][-]{section.1}{}{}% 1
\BOOKMARK [1][-]{section.2}{}{}% 2
\BOOKMARK [1][-]{section.3}{}{}% 3
\BOOKMARK [1][-]{section.4}{}{}% 4
\BOOKMARK [1][-]{section.5}{}{}% 5
\BOOKMARK [1][-]{section.6}{}{}% 6
\BOOKMARK [1][-]{section.7}{}{}% 7
\BOOKMARK [1][-]{section.8}{}{}% 8
\BOOKMARK [1][-]{section.9}{}{}% 9
\BOOKMARK [1][-]{section.10}{}{}% 10
\BOOKMARK [1][-]{section.11}{}{}% 11
\BOOKMARK [1][-]{section.12}{}{}% 12
\BOOKMARK [1][-]{section.13}{}{}% 13
\BOOKMARK [1][-]{section.14}{}{}% 14
\BOOKMARK [1][-]{section.15}{\376\377\000C\000o\000n\000j\000u\000g\000a\000t\000e\000d\000\040\000S\000y\000s\000t\000e\000m\000s\000,\000\040\000O\000r\000b\000i\000t\000a\000l\000\040\000S\000y\000m\000m\000e\000t\000r\000y\000,\000\040\000a\000n\000d\000\040\000U\000l\000t\000r\000a\000v\000i\000o\000l\000e\000t\000\040\000S\000p\000e\000c\000t\000r\000o\000s\000c\000o\000p\000y}{}% 15
\BOOKMARK [2][-]{subsection.15.1}{\376\377\000I\000n\000t\000r\000o\000d\000u\000c\000t\000i\000o\000n\000\040\0002\0000\0002\0006\0000\0003\0000\0003}{section.15}% 16
\BOOKMARK [2][-]{subsection.15.2}{\376\377\000S\000t\000a\000b\000i\000l\000i\000t\000i\000e\000s\000\040\000o\000f\000\040\000D\000i\000e\000n\000e\000s\000\040\0002\0000\0002\0006\0000\0003\0000\0003}{section.15}% 17
\BOOKMARK [2][-]{subsection.15.3}{\376\377\000M\000o\000l\000e\000c\000u\000l\000a\000r\000\040\000O\000r\000b\000i\000t\000a\000l\000\040\000P\000i\000c\000t\000u\000r\000e\000\040\000o\000f\000\040\000a\000\040\000C\000o\000n\000j\000u\000g\000a\000t\000e\000d\000\040\000S\000y\000s\000t\000e\000m\000\040\0002\0000\0002\0006\0000\0003\0000\0003\000\040\0002\0000\0002\0006\0000\0003\0000\0005}{section.15}% 18
\BOOKMARK [3][-]{subsubsection.15.3.1}{\376\377\000S\000t\000r\000u\000c\000t\000u\000r\000e\000\040\000a\000n\000d\000\040\000B\000o\000n\000d\000i\000n\000g\000\040\000o\000f\000\040\000B\000u\000t\000a\000-\0001\000,\0003\000-\000d\000i\000e\000n\000e}{subsection.15.3}% 19
\BOOKMARK [3][-]{subsubsection.15.3.2}{\376\377\000C\000o\000n\000s\000t\000r\000u\000c\000t\000i\000n\000g\000\040\000t\000h\000e\000\040\000M\000o\000l\000e\000c\000u\000l\000a\000r\000\040\000O\000r\000b\000i\000t\000a\000l\000s\000\040\000o\000f\000\040\000B\000u\000t\000a\000-\0001\000,\0003\000-\000d\000i\000e\000n\000e}{subsection.15.3}% 20
\BOOKMARK [2][-]{subsection.15.4}{\376\377\000A\000l\000l\000y\000l\000i\000c\000\040\000C\000a\000t\000i\000o\000n\000s\000\040\0002\0000\0002\0006\0000\0003\0000\0005}{section.15}% 21
\BOOKMARK [2][-]{subsection.15.5}{\376\377\0001\000,\0002\000-\000\040\000a\000n\000d\000\040\0001\000,\0004\000-\000A\000d\000d\000i\000t\000i\000o\000n\000\040\000t\000o\000\040\000C\000o\000n\000j\000u\000g\000a\000t\000e\000d\000\040\000D\000i\000e\000n\000e\000s\000\040\0002\0000\0002\0006\0000\0003\0000\0005}{section.15}% 22
\BOOKMARK [2][-]{subsection.15.6}{\376\377\000K\000i\000n\000e\000t\000i\000c\000\040\000v\000e\000r\000s\000u\000s\000\040\000T\000h\000e\000r\000m\000o\000d\000y\000n\000a\000m\000i\000c\000\040\000C\000o\000n\000t\000r\000o\000l\000\040\000i\000n\000\040\000t\000h\000e\000\040\000A\000d\000d\000i\000t\000i\000o\000n\000\040\000o\000f\000\040\000H\000B\000r\000\040\000t\000o\000\040\000B\000u\000t\000a\000-\0001\000,\0003\000-\000d\000i\000e\000n\000e\000\040\0002\0000\0002\0006\0000\0003\0000\0005}{section.15}% 23
\BOOKMARK [2][-]{subsection.15.7}{\376\377\000A\000l\000l\000y\000l\000i\000c\000\040\000R\000a\000d\000i\000c\000a\000l\000s\000\040\0002\0000\0002\0006\0000\0003\0000\0005}{section.15}% 24
\BOOKMARK [2][-]{subsection.15.8}{\376\377\000M\000o\000l\000e\000c\000u\000l\000a\000r\000\040\000O\000r\000b\000i\000t\000a\000l\000s\000\040\000o\000f\000\040\000t\000h\000e\000\040\000A\000l\000l\000y\000l\000i\000c\000\040\000S\000y\000s\000t\000e\000m\000\040\0002\0000\0002\0006\0000\0003\0000\0005}{section.15}% 25
\BOOKMARK [2][-]{subsection.15.9}{\376\377\000E\000l\000e\000c\000t\000r\000o\000n\000i\000c\000\040\000C\000o\000n\000f\000i\000g\000u\000r\000a\000t\000i\000o\000n\000s\000\040\000o\000f\000\040\000t\000h\000e\000\040\000A\000l\000l\000y\000l\000\040\000R\000a\000d\000i\000c\000a\000l\000,\000\040\000C\000a\000t\000i\000o\000n\000,\000\040\000a\000n\000d\000\040\000A\000n\000i\000o\000n\000\040\0002\0000\0002\0006\0000\0003\0000\0005}{section.15}% 26
\BOOKMARK [2][-]{subsection.15.10}{\376\377\000S\000N\0002\000\040\000D\000i\000s\000p\000l\000a\000c\000e\000m\000e\000n\000t\000\040\000R\000e\000a\000c\000t\000i\000o\000n\000s\000\040\000o\000f\000\040\000A\000l\000l\000y\000l\000i\000c\000\040\000H\000a\000l\000i\000d\000e\000s\000\040\000a\000n\000d\000\040\000T\000o\000s\000y\000l\000a\000t\000e\000s\000\040\0002\0000\0002\0006\0000\0003\0000\0005}{section.15}% 27
\BOOKMARK [2][-]{subsection.15.11}{\376\377\000T\000h\000e\000\040\000D\000i\000e\000l\000s\040\023\000A\000l\000d\000e\000r\000\040\000R\000e\000a\000c\000t\000i\000o\000n\000\040\0002\0000\0002\0006\0000\0003\0001\0000}{section.15}% 28
\BOOKMARK [3][-]{subsubsection.15.11.1}{\376\377\000S\000t\000e\000r\000e\000o\000c\000h\000e\000m\000i\000c\000a\000l\000\040\000R\000e\000q\000u\000i\000r\000e\000m\000e\000n\000t\000s\000\040\000o\000f\000\040\000t\000h\000e\000\040\000D\000i\000e\000l\000s\040\023\000A\000l\000d\000e\000r\000T\000r\000a\000n\000s\000i\000t\000i\000o\000n\000\040\000S\000t\000a\000t\000e}{subsection.15.11}% 29
\BOOKMARK [3][-]{subsubsection.15.11.2}{\376\377\000D\000i\000e\000l\000s\040\023\000A\000l\000d\000e\000r\000\040\000R\000e\000a\000c\000t\000i\000o\000n\000s\000\040\000U\000s\000i\000n\000g\000\040\000U\000n\000s\000y\000m\000m\000e\000t\000r\000i\000c\000a\000l\000\040\000R\000e\000a\000g\000e\000n\000t\000s}{subsection.15.11}% 30
\BOOKMARK [2][-]{subsection.15.12}{\376\377\000T\000h\000e\000\040\000D\000i\000e\000l\000s\040\023\000A\000l\000d\000e\000r\000\040\000a\000s\000\040\000a\000n\000\040\000E\000x\000a\000m\000p\000l\000e\000\040\000o\000f\000\040\000a\000\040\000P\000e\000r\000i\000c\000y\000c\000l\000i\000c\000\040\000R\000e\000a\000c\000t\000i\000o\000n\000\040\0002\0000\0002\0006\0000\0003\0001\0000\000\040\0002\0000\0002\0006\0000\0003\0001\0002}{section.15}% 31
\BOOKMARK [3][-]{subsubsection.15.12.1}{\376\377\000C\000o\000n\000s\000e\000r\000v\000a\000t\000i\000o\000n\000\040\000o\000f\000\040\000O\000r\000b\000i\000t\000a\000l\000\040\000S\000y\000m\000m\000e\000t\000r\000y\000\040\000i\000n\000\040\000t\000h\000e\000\040\000D\000i\000e\000l\000s\040\023\000A\000l\000d\000e\000r\000\040\000R\000e\000a\000c\000t\000i\000o\000n}{subsection.15.12}% 32
\BOOKMARK [3][-]{subsubsection.15.12.2}{\376\377\000T\000h\000e\000\040\040\034\000F\000o\000r\000b\000i\000d\000d\000e\000n\040\035\000\040\000[\0002\000+\0002\000]\000\040\000C\000y\000c\000l\000o\000a\000d\000d\000i\000t\000i\000o\000n}{subsection.15.12}% 33
\BOOKMARK [3][-]{subsubsection.15.12.3}{\376\377\000P\000h\000o\000t\000o\000c\000h\000e\000m\000i\000c\000a\000l\000\040\000I\000n\000d\000u\000c\000t\000i\000o\000n\000\040\000o\000f\000\040\000C\000y\000c\000l\000o\000a\000d\000d\000i\000t\000i\000o\000n\000s}{subsection.15.12}% 34
\BOOKMARK [2][-]{subsection.15.13}{\376\377\000U\000l\000t\000r\000a\000v\000i\000o\000l\000e\000t\000\040\000A\000b\000s\000o\000r\000p\000t\000i\000o\000n\000\040\000S\000p\000e\000c\000t\000r\000o\000s\000c\000o\000p\000y\000\040\0002\0000\0002\0006\0000\0003\0001\0002}{section.15}% 35
\BOOKMARK [3][-]{subsubsection.15.13.1}{\376\377\000S\000p\000e\000c\000t\000r\000a\000l\000\040\000R\000e\000g\000i\000o\000n}{subsection.15.13}% 36
\BOOKMARK [3][-]{subsubsection.15.13.2}{\376\377\000U\000l\000t\000r\000a\000v\000i\000o\000l\000e\000t\000\040\000L\000i\000g\000h\000t\000\040\000a\000n\000d\000\040\000E\000l\000e\000c\000t\000r\000o\000n\000i\000c\000\040\000T\000r\000a\000n\000s\000i\000t\000i\000o\000n\000s}{subsection.15.13}% 37
\BOOKMARK [3][-]{subsubsection.15.13.3}{\376\377\000O\000b\000t\000a\000i\000n\000i\000n\000g\000\040\000a\000n\000\040\000U\000l\000t\000r\000a\000v\000i\000o\000l\000e\000t\000\040\000S\000p\000e\000c\000t\000r\000u\000m}{subsection.15.13}% 38
\BOOKMARK [3][-]{subsubsection.15.13.4}{\376\377\000I\000n\000t\000e\000r\000p\000r\000e\000t\000i\000n\000g\000\040\000U\000V\040\023\000V\000i\000s\000i\000b\000l\000e\000\040\000S\000p\000e\000c\000t\000r\000a}{subsection.15.13}% 39
\BOOKMARK [1][-]{section.16}{\376\377\000A\000r\000o\000m\000a\000t\000i\000c\000\040\000C\000o\000m\000p\000o\000u\000n\000d\000s}{}% 40
\BOOKMARK [2][-]{subsection.16.1}{\376\377\000I\000n\000t\000r\000o\000d\000u\000c\000t\000i\000o\000n\000:\000\040\000T\000h\000e\000\040\000D\000i\000s\000c\000o\000v\000e\000r\000y\000\040\000o\000f\000\040\000B\000e\000n\000z\000e\000n\000e\000\040\0002\0000\0002\0006\0000\0003\0001\0002\000\040\0002\0000\0002\0006\0000\0003\0001\0007}{section.16}% 41
\BOOKMARK [2][-]{subsection.16.2}{\376\377\000T\000h\000e\000\040\000S\000t\000r\000u\000c\000t\000u\000r\000e\000\040\000a\000n\000d\000\040\000P\000r\000o\000p\000e\000r\000t\000i\000e\000s\000\040\000o\000f\000\040\000B\000e\000n\000z\000e\000n\000e\000\040\0002\0000\0002\0006\0000\0003\0001\0002\000\040\0002\0000\0002\0006\0000\0003\0001\0007}{section.16}% 42
\BOOKMARK [2][-]{subsection.16.3}{\376\377\000T\000h\000e\000\040\000M\000o\000l\000e\000c\000u\000l\000a\000r\000\040\000O\000r\000b\000i\000t\000a\000l\000s\000\040\000o\000f\000\040\000B\000e\000n\000z\000e\000n\000e\000\040\0002\0000\0002\0006\0000\0003\0001\0007}{section.16}% 43
\BOOKMARK [2][-]{subsection.16.4}{\376\377\000T\000h\000e\000\040\000M\000o\000l\000e\000c\000u\000l\000a\000r\000\040\000O\000r\000b\000i\000t\000a\000l\000\040\000P\000i\000c\000t\000u\000r\000e\000\040\000o\000f\000\040\000C\000y\000c\000l\000o\000b\000u\000t\000a\000d\000i\000e\000n\000e\000\040\0002\0000\0002\0006\0000\0003\0001\0007}{section.16}% 44
\BOOKMARK [2][-]{subsection.16.5}{\376\377\000A\000r\000o\000m\000a\000t\000i\000c\000,\000\040\000A\000n\000t\000i\000a\000r\000o\000m\000a\000t\000i\000c\000,\000\040\000a\000n\000d\000\040\000N\000o\000n\000a\000r\000o\000m\000a\000t\000i\000c\000\040\000C\000o\000m\000p\000o\000u\000n\000d\000s\000\040\0002\0000\0002\0006\0000\0003\0001\0007}{section.16}% 45
\BOOKMARK [2][-]{subsection.16.6}{\376\377\000H\000\374\000c\000k\000e\000l\040\031\000s\000\040\000R\000u\000l\000e\000\040\0002\0000\0002\0006\0000\0003\0001\0007}{section.16}% 46
\BOOKMARK [2][-]{subsection.16.7}{\376\377\000M\000O\000\040\000D\000e\000r\000i\000v\000a\000t\000i\000o\000n\000\040\000o\000f\000\040\000H\000\374\000c\000k\000e\000l\040\031\000s\000\040\000R\000u\000l\000e\000\040\0002\0000\0002\0006\0000\0003\0001\0007}{section.16}% 47
\BOOKMARK [2][-]{subsection.16.8}{\376\377\000A\000r\000o\000m\000a\000t\000i\000c\000\040\000i\000o\000n\000s\000\040\0002\0000\0002\0006\0000\0003\0001\0007\000\040\0002\0000\0002\0006\0000\0003\0001\0009}{section.16}% 48
\BOOKMARK [3][-]{subsubsection.16.8.1}{\376\377\000C\000y\000c\000l\000o\000p\000e\000n\000t\000a\000d\000i\000e\000n\000y\000l\000\040\000I\000o\000n\000s}{subsection.16.8}% 49
\BOOKMARK [3][-]{subsubsection.16.8.2}{\376\377\000T\000h\000e\000\040\000C\000y\000c\000l\000o\000h\000e\000p\000t\000a\000t\000r\000i\000e\000n\000y\000l\000\040\000I\000o\000n\000s}{subsection.16.8}% 50
\BOOKMARK [3][-]{subsubsection.16.8.3}{\376\377\000T\000h\000e\000\040\000C\000y\000c\000l\000o\000o\000c\000t\000a\000t\000e\000t\000r\000a\000e\000n\000e\000\040\000D\000i\000a\000n\000i\000o\000n}{subsection.16.8}% 51
\BOOKMARK [3][-]{subsubsection.16.8.4}{\376\377\000S\000u\000m\000m\000a\000r\000y\000\040\000o\000f\000\040\000A\000n\000n\000u\000l\000e\000n\000e\000s\000\040\000a\000n\000d\000\040\000T\000h\000e\000i\000r\000\040\000I\000o\000n\000s}{subsection.16.8}% 52
\BOOKMARK [2][-]{subsection.16.9}{\376\377\000H\000e\000t\000e\000r\000o\000c\000y\000c\000l\000i\000c\000\040\000A\000r\000o\000m\000a\000t\000i\000c\000\040\000C\000o\000m\000p\000o\000u\000n\000d\000s\000\040\0002\0000\0002\0006\0000\0003\0001\0009}{section.16}% 53
\BOOKMARK [3][-]{subsubsection.16.9.1}{\376\377\000P\000y\000r\000i\000d\000i\000n\000e}{subsection.16.9}% 54
\BOOKMARK [3][-]{subsubsection.16.9.2}{\376\377\000P\000y\000r\000r\000o\000l\000e}{subsection.16.9}% 55
\BOOKMARK [3][-]{subsubsection.16.9.3}{\376\377\000P\000y\000r\000i\000m\000i\000d\000i\000n\000e\000\040\000a\000n\000d\000\040\000I\000m\000i\000d\000a\000z\000o\000l\000e}{subsection.16.9}% 56
\BOOKMARK [3][-]{subsubsection.16.9.4}{\376\377\000F\000u\000r\000a\000n\000\040\000a\000n\000d\000\040\000T\000h\000i\000o\000p\000h\000e\000n\000e\000\040\0002\0000\0002\0006\0000\0003\0001\0009}{subsection.16.9}% 57
\BOOKMARK [2][-]{subsection.16.10}{\376\377\000P\000o\000l\000y\000n\000u\000c\000l\000e\000a\000r\000\040\000A\000r\000o\000m\000a\000t\000i\000c\000\040\000H\000y\000d\000r\000o\000c\000a\000r\000b\000o\000n\000s\000\040\0002\0000\0002\0006\0000\0003\0002\0004}{section.16}% 58
\BOOKMARK [2][-]{subsection.16.11}{\376\377\000A\000r\000o\000m\000a\000t\000i\000c\000\040\000A\000l\000l\000o\000t\000r\000o\000p\000e\000s\000\040\000o\000f\000\040\000C\000a\000r\000b\000o\000n\000\040\0002\0000\0002\0006\0000\0003\0002\0004}{section.16}% 59
\BOOKMARK [3][-]{subsubsection.16.11.1}{\376\377\000A\000l\000l\000o\000t\000r\000o\000p\000e\000s\000\040\000o\000f\000\040\000C\000a\000r\000b\000o\000n\000:\000\040\000D\000i\000a\000m\000o\000n\000d}{subsection.16.11}% 60
\BOOKMARK [3][-]{subsubsection.16.11.2}{\376\377\000G\000r\000a\000p\000h\000i\000t\000e}{subsection.16.11}% 61
\BOOKMARK [3][-]{subsubsection.16.11.3}{\376\377\000F\000u\000l\000l\000e\000r\000e\000n\000e\000s}{subsection.16.11}% 62
\BOOKMARK [2][-]{subsection.16.12}{\376\377\000F\000u\000s\000e\000d\000\040\000H\000e\000t\000e\000r\000o\000c\000y\000c\000l\000i\000c\000\040\000C\000o\000m\000p\000o\000u\000n\000d\000s\000\040\0002\0000\0002\0006\0000\0003\0002\0004}{section.16}% 63
\BOOKMARK [2][-]{subsection.16.13}{\376\377\000N\000o\000m\000e\000n\000c\000l\000a\000t\000u\000r\000e\000\040\000o\000f\000\040\000B\000e\000n\000z\000e\000n\000e\000\040\000D\000e\000r\000i\000v\000a\000t\000i\000v\000e\000s\000\040\0002\0000\0002\0006\0000\0003\0002\0004}{section.16}% 64
\BOOKMARK [2][-]{subsection.16.14}{\376\377\000P\000h\000y\000s\000i\000c\000a\000l\000\040\000P\000r\000o\000p\000e\000r\000t\000i\000e\000s\000\040\000o\000f\000\040\000B\000e\000n\000z\000e\000n\000e\000\040\000a\000n\000d\000\040\000I\000t\000s\000\040\000D\000e\000r\000i\000v\000a\000t\000i\000v\000e\000s\000\040\0002\0000\0002\0006\0000\0003\0002\0004}{section.16}% 65
\BOOKMARK [2][-]{subsection.16.15}{\376\377\000S\000p\000e\000c\000t\000r\000o\000s\000c\000o\000p\000y\000\040\000o\000f\000\040\000A\000r\000o\000m\000a\000t\000i\000c\000\040\000C\000o\000m\000p\000o\000u\000n\000d\000s\000\040\0002\0000\0002\0006\0000\0003\0002\0004\000\040\0002\0000\0002\0006\0000\0003\0002\0006}{section.16}% 66
\BOOKMARK [3][-]{subsubsection.16.15.1}{\376\377\000I\000n\000f\000r\000a\000r\000e\000d\000\040\000S\000p\000e\000c\000t\000r\000o\000s\000c\000o\000p\000y}{subsection.16.15}% 67
\BOOKMARK [3][-]{subsubsection.16.15.2}{\376\377\000N\000M\000R\000\040\000S\000p\000e\000c\000t\000r\000o\000s\000c\000o\000p\000y}{subsection.16.15}% 68
\BOOKMARK [3][-]{subsubsection.16.15.3}{\376\377\000M\000a\000s\000s\000\040\000S\000p\000e\000c\000t\000r\000o\000m\000e\000t\000r\000y}{subsection.16.15}% 69
\BOOKMARK [3][-]{subsubsection.16.15.4}{\376\377\000U\000l\000t\000r\000a\000v\000i\000o\000l\000e\000t\000\040\000S\000p\000e\000c\000t\000r\000o\000s\000c\000o\000p\000y}{subsection.16.15}% 70
\BOOKMARK [1][-]{section.17}{\376\377\000R\000e\000a\000c\000t\000i\000o\000n\000s\000\040\000o\000f\000\040\000A\000r\000o\000m\000a\000t\000i\000c\000\040\000C\000o\000m\000p\000o\000u\000n\000d\000s}{}% 71
\BOOKMARK [2][-]{subsection.17.1}{\376\377\000E\000l\000e\000c\000t\000r\000o\000p\000h\000i\000l\000i\000c\000\040\000A\000r\000o\000m\000a\000t\000i\000c\000\040\000S\000u\000b\000s\000t\000i\000t\000u\000t\000i\000o\000n\000\040\0002\0000\0002\0006\0000\0003\0002\0006}{section.17}% 72
\BOOKMARK [2][-]{subsection.17.2}{\376\377\000H\000a\000l\000o\000g\000e\000n\000a\000t\000i\000o\000n\000\040\000o\000f\000\040\000B\000e\000n\000z\000e\000n\000e\000\040\0002\0000\0002\0006\0000\0003\0002\0006}{section.17}% 73
\BOOKMARK [3][-]{subsubsection.17.2.1}{\376\377\000B\000r\000o\000m\000i\000n\000a\000t\000i\000o\000n\000\040\000o\000f\000\040\000B\000e\000n\000z\000e\000n\000e}{subsection.17.2}% 74
\BOOKMARK [3][-]{subsubsection.17.2.2}{\376\377\000C\000h\000l\000o\000r\000i\000n\000a\000t\000i\000o\000n\000\040\000o\000f\000\040\000B\000e\000n\000z\000e\000n\000e}{subsection.17.2}% 75
\BOOKMARK [3][-]{subsubsection.17.2.3}{\376\377\000I\000o\000d\000i\000n\000a\000t\000i\000o\000n\000\040\000o\000f\000\040\000B\000e\000n\000z\000e\000n\000e}{subsection.17.2}% 76
\BOOKMARK [2][-]{subsection.17.3}{\376\377\000N\000i\000t\000r\000a\000t\000i\000o\000n\000\040\000o\000f\000\040\000B\000e\000n\000z\000e\000n\000e\000\040\0002\0000\0002\0006\0000\0003\0002\0006}{section.17}% 77
\BOOKMARK [2][-]{subsection.17.4}{\376\377\000S\000u\000l\000f\000o\000n\000a\000t\000i\000o\000n\000\040\000o\000f\000\040\000B\000e\000n\000z\000e\000n\000e\000\040\0002\0000\0002\0006\0000\0003\0002\0006}{section.17}% 78
\BOOKMARK [3][-]{subsubsection.17.4.1}{\376\377\000S\000u\000l\000f\000o\000n\000a\000t\000i\000o\000n}{subsection.17.4}% 79
\BOOKMARK [3][-]{subsubsection.17.4.2}{\376\377\000D\000e\000s\000u\000l\000f\000o\000n\000a\000t\000i\000o\000n}{subsection.17.4}% 80
\BOOKMARK [3][-]{subsubsection.17.4.3}{\376\377\000P\000r\000o\000t\000o\000n\000a\000t\000i\000o\000n\000\040\000o\000f\000\040\000t\000h\000e\000\040\000A\000r\000o\000m\000a\000t\000i\000c\000\040\000R\000i\000n\000g\000;\000\040\000H\000y\000d\000r\000o\000g\000e\000n\040\023\000D\000e\000u\000t\000e\000r\000i\000u\000m\000\040\000E\000x\000c\000h\000a\000n\000g\000e}{subsection.17.4}% 81
\BOOKMARK [2][-]{subsection.17.5}{\376\377\000N\000i\000t\000r\000a\000t\000i\000o\000n\000\040\000o\000f\000\040\000T\000o\000l\000u\000e\000n\000e\000:\000\040\000T\000h\000e\000\040\000E\000f\000f\000e\000c\000t\000\040\000o\000f\000\040\000A\000l\000k\000y\000l\000\040\000S\000u\000b\000s\000t\000i\000t\000u\000t\000i\000o\000n\000\040\0002\0000\0002\0006\0000\0003\0002\0006}{section.17}% 82
\BOOKMARK [2][-]{subsection.17.6}{\376\377\000A\000c\000t\000i\000v\000a\000t\000i\000n\000g\000,\000\040\000O\000r\000t\000h\000o\000,\000\040\000P\000a\000r\000a\000-\000D\000i\000r\000e\000c\000t\000i\000n\000g\000\040\000S\000u\000b\000s\000t\000i\000t\000u\000e\000n\000t\000s\000\040\0002\0000\0002\0006\0000\0003\0003\0001}{section.17}% 83
\BOOKMARK [3][-]{subsubsection.17.6.1}{\376\377\000A\000l\000k\000y\000l\000\040\000G\000r\000o\000u\000p\000s}{subsection.17.6}% 84
\BOOKMARK [3][-]{subsubsection.17.6.2}{\376\377\000S\000u\000b\000s\000t\000i\000t\000u\000e\000n\000t\000s\000\040\000w\000i\000t\000h\000\040\000N\000o\000n\000b\000o\000n\000d\000i\000n\000g\000\040\000E\000l\000e\000c\000t\000r\000o\000n\000s}{subsection.17.6}% 85
\BOOKMARK [2][-]{subsection.17.7}{\376\377\000D\000e\000a\000c\000t\000i\000v\000a\000t\000i\000n\000g\000,\000\040\000M\000e\000t\000a\000-\000D\000i\000r\000e\000c\000t\000i\000n\000g\000\040\000S\000u\000b\000s\000t\000i\000t\000u\000e\000n\000t\000s\000\040\0002\0000\0002\0006\0000\0003\0003\0001}{section.17}% 86
\BOOKMARK [2][-]{subsection.17.8}{\376\377\000H\000a\000l\000o\000g\000e\000n\000\040\000S\000u\000b\000s\000t\000i\000t\000u\000e\000n\000t\000s\000:\000\040\000D\000e\000a\000c\000t\000i\000v\000a\000t\000i\000n\000g\000,\000\040\000b\000u\000t\000\040\000O\000r\000t\000h\000o\000,\000\040\000P\000a\000r\000a\000-\000D\000i\000r\000e\000c\000t\000i\000n\000g\000\040\0002\0000\0002\0006\0000\0003\0003\0001}{section.17}% 87
\BOOKMARK [2][-]{subsection.17.9}{\376\377\000E\000f\000f\000e\000c\000t\000s\000\040\000o\000f\000\040\000M\000u\000l\000t\000i\000p\000l\000e\000\040\000S\000u\000b\000s\000t\000i\000t\000u\000e\000n\000t\000s\000\040\000o\000n\000\040\000E\000l\000e\000c\000t\000r\000o\000p\000h\000i\000l\000i\000c\000\040\000A\000r\000o\000m\000a\000t\000i\000c\000\040\000S\000u\000b\000s\000t\000i\000t\000u\000t\000i\000o\000n\000\040\0002\0000\0002\0006\0000\0003\0003\0001}{section.17}% 88
\BOOKMARK [2][-]{subsection.17.10}{\376\377\000T\000h\000e\000\040\000F\000r\000i\000e\000d\000e\000l\040\023\000C\000r\000a\000f\000t\000s\000\040\000A\000l\000k\000y\000l\000a\000t\000i\000o\000n\000\040\0002\0000\0002\0006\0000\0003\0003\0001\000\040\0002\0000\0002\0006\0000\0004\0000\0002}{section.17}% 89
\BOOKMARK [2][-]{subsection.17.11}{\376\377\000T\000h\000e\000\040\000F\000r\000i\000e\000d\000e\000l\040\023\000C\000r\000a\000f\000t\000s\000\040\000A\000c\000y\000l\000a\000t\000i\000o\000n\000\040\0002\0000\0002\0006\0000\0004\0000\0002}{section.17}% 90
\BOOKMARK [3][-]{subsubsection.17.11.1}{\376\377\000M\000e\000c\000h\000a\000n\000i\000s\000m\000\040\000o\000f\000\040\000A\000c\000y\000l\000a\000t\000i\000o\000n}{subsection.17.11}% 91
\BOOKMARK [3][-]{subsubsection.17.11.2}{\376\377\000T\000h\000e\000\040\000C\000l\000e\000m\000m\000e\000n\000s\000e\000n\000\040\000R\000e\000d\000u\000c\000t\000i\000o\000n\000:\000\040\000S\000y\000n\000t\000h\000e\000s\000i\000s\000\040\000o\000f\000\040\000A\000l\000k\000y\000l\000b\000e\000n\000z\000e\000n\000e\000s}{subsection.17.11}% 92
\BOOKMARK [3][-]{subsubsection.17.11.3}{\376\377\000T\000h\000e\000\040\000G\000a\000t\000t\000e\000r\000m\000a\000n\040\023\000K\000o\000c\000h\000\040\000F\000o\000r\000m\000y\000l\000a\000t\000i\000o\000n\000:\000\040\000S\000y\000n\000t\000h\000e\000s\000i\000s\000\040\000o\000f\000\040\000B\000e\000n\000z\000a\000l\000d\000e\000h\000y\000d\000e\000s}{subsection.17.11}% 93
\BOOKMARK [2][-]{subsection.17.12}{\376\377\000N\000u\000c\000l\000e\000o\000p\000h\000i\000l\000i\000c\000\040\000A\000r\000o\000m\000a\000t\000i\000c\000\040\000S\000u\000b\000s\000t\000i\000t\000u\000t\000i\000o\000n\000\040\0002\0000\0002\0006\0000\0004\0000\0002}{section.17}% 94
\BOOKMARK [3][-]{subsubsection.17.12.1}{\376\377\000T\000h\000e\000\040\000A\000d\000d\000i\000t\000i\000o\000n\040\023\000E\000l\000i\000m\000i\000n\000a\000t\000i\000o\000n\000\040\000M\000e\000c\000h\000a\000n\000i\000s\000m}{subsection.17.12}% 95
\BOOKMARK [3][-]{subsubsection.17.12.2}{\376\377\000T\000h\000e\000\040\000B\000e\000n\000z\000y\000n\000e\000\040\000M\000e\000c\000h\000a\000n\000i\000s\000m\000:\000\040\000E\000l\000i\000m\000i\000n\000a\000t\000i\000o\000n\040\023\000A\000d\000d\000i\000t\000i\000o\000n}{subsection.17.12}% 96
\BOOKMARK [2][-]{subsection.17.13}{\376\377\000A\000r\000o\000m\000a\000t\000i\000c\000\040\000S\000u\000b\000s\000t\000i\000t\000u\000t\000i\000o\000n\000s\000\040\000U\000s\000i\000n\000g\000\040\000O\000r\000g\000a\000n\000o\000m\000e\000t\000a\000l\000l\000i\000c\000\040\000R\000e\000a\000g\000e\000n\000t\000s\000\040\0002\0000\0002\0006\0000\0004\0000\0007}{section.17}% 97
\BOOKMARK [2][-]{subsection.17.14}{\376\377\000A\000d\000d\000i\000t\000i\000o\000n\000\040\000R\000e\000a\000c\000t\000i\000o\000n\000s\000\040\000o\000f\000\040\000B\000e\000n\000z\000e\000n\000e\000\040\000D\000e\000r\000i\000v\000a\000t\000i\000v\000e\000s\000\040\0002\0000\0002\0006\0000\0004\0000\0007}{section.17}% 98
\BOOKMARK [2][-]{subsection.17.15}{\376\377\000S\000i\000d\000e\000-\000C\000h\000a\000i\000n\000\040\000R\000e\000a\000c\000t\000i\000o\000n\000s\000\040\000o\000f\000\040\000B\000e\000n\000z\000e\000n\000e\000\040\000D\000e\000r\000i\000v\000a\000t\000i\000v\000e\000s\000\040\0002\0000\0002\0006\0000\0004\0000\0007}{section.17}% 99
\BOOKMARK [3][-]{subsubsection.17.15.1}{\376\377\000P\000e\000r\000m\000a\000n\000g\000a\000n\000a\000t\000e\000\040\000O\000x\000i\000d\000a\000t\000i\000o\000n}{subsection.17.15}% 100
\BOOKMARK [3][-]{subsubsection.17.15.2}{\376\377\000S\000i\000d\000e\000-\000C\000h\000a\000i\000n\000\040\000H\000a\000l\000o\000g\000e\000n\000a\000t\000i\000o\000n}{subsection.17.15}% 101
\BOOKMARK [3][-]{subsubsection.17.15.3}{\376\377\000N\000u\000c\000l\000e\000o\000p\000h\000i\000l\000i\000c\000\040\000S\000u\000b\000s\000t\000i\000t\000u\000t\000i\000o\000n\000\040\000a\000t\000\040\000t\000h\000e\000\040\000B\000e\000n\000z\000y\000l\000i\000c\000\040\000P\000o\000s\000i\000t\000i\000o\000n}{subsection.17.15}% 102
\BOOKMARK [2][-]{subsection.17.16}{\376\377\000R\000e\000a\000c\000t\000i\000o\000n\000s\000\040\000o\000f\000\040\000P\000h\000e\000n\000o\000l\000s\000\040\0002\0000\0002\0006\0000\0004\0000\0007}{section.17}% 103
\BOOKMARK [3][-]{subsubsection.17.16.1}{\376\377\000O\000x\000i\000d\000a\000t\000i\000o\000n\000\040\000o\000f\000\040\000P\000h\000e\000n\000o\000l\000s\000\040\000t\000o\000\040\000Q\000u\000i\000n\000o\000n\000e\000s}{subsection.17.16}% 104
\BOOKMARK [3][-]{subsubsection.17.16.2}{\376\377\000E\000l\000e\000c\000t\000r\000o\000p\000h\000i\000l\000i\000c\000\040\000A\000r\000o\000m\000a\000t\000i\000c\000\040\000S\000u\000b\000s\000t\000i\000t\000u\000t\000i\000o\000n\000\040\000o\000f\000\040\000P\000h\000e\000n\000o\000l\000s}{subsection.17.16}% 105
\BOOKMARK [1][-]{section.18}{\376\377\000K\000e\000t\000o\000n\000e\000s\000\040\000a\000n\000d\000\040\000A\000l\000d\000e\000h\000y\000d\000e\000s}{}% 106
\BOOKMARK [2][-]{subsection.18.1}{\376\377\000C\000a\000r\000b\000o\000n\000y\000l\000\040\000C\000o\000m\000p\000o\000u\000n\000d\000s\000\040\0002\0000\0002\0006\0000\0004\0000\0009}{section.18}% 107
\BOOKMARK [2][-]{subsection.18.2}{\376\377\000S\000t\000r\000u\000c\000t\000u\000r\000e\000\040\000o\000f\000\040\000t\000h\000e\000\040\000C\000a\000r\000b\000o\000n\000y\000l\000\040\000G\000r\000o\000u\000p\000\040\0002\0000\0002\0006\0000\0004\0000\0009}{section.18}% 108
\BOOKMARK [2][-]{subsection.18.3}{\376\377\000N\000o\000m\000e\000n\000c\000l\000a\000t\000u\000r\000e\000\040\000o\000f\000\040\000K\000e\000t\000o\000n\000e\000s\000\040\000a\000n\000d\000\040\000A\000l\000d\000e\000h\000y\000d\000e\000s\000N\000o\000m\000e\000n\000c\000l\000a\000t\000u\000r\000e\000\040\000o\000f\000\040\000K\000e\000t\000o\000n\000e\000s\000\040\000a\000n\000d\000\040\000A\000l\000d\000e\000h\000y\000d\000e\000s\000\040\0002\0000\0002\0006\0000\0004\0000\0009}{section.18}% 109
\BOOKMARK [3][-]{subsubsection.18.3.1}{\376\377\000I\000U\000P\000A\000C\000\040\000N\000a\000m\000e\000s}{subsection.18.3}% 110
\BOOKMARK [3][-]{subsubsection.18.3.2}{\376\377\000C\000o\000m\000m\000o\000n\000\040\000N\000a\000m\000e\000s}{subsection.18.3}% 111
\BOOKMARK [2][-]{subsection.18.4}{\376\377\000P\000h\000y\000s\000i\000c\000a\000l\000\040\000P\000r\000o\000p\000e\000r\000t\000i\000e\000s\000\040\000o\000f\000\040\000K\000e\000t\000o\000n\000e\000s\000\040\000a\000n\000d\000\040\000A\000l\000d\000e\000h\000y\000d\000e\000s\000\040\0002\0000\0002\0006\0000\0004\0000\0009}{section.18}% 112
\BOOKMARK [2][-]{subsection.18.5}{\376\377\000S\000p\000e\000c\000t\000r\000o\000s\000c\000o\000p\000y\000\040\000o\000f\000\040\000K\000e\000t\000o\000n\000e\000s\000\040\000a\000n\000d\000\040\000A\000l\000d\000e\000h\000y\000d\000e\000s\000\040\0002\0000\0002\0006\0000\0004\0000\0009}{section.18}% 113
\BOOKMARK [3][-]{subsubsection.18.5.1}{\376\377\000I\000n\000f\000r\000a\000r\000e\000d\000\040\000S\000p\000e\000c\000t\000r\000a\000\040\000o\000f\000\040\000K\000e\000t\000o\000n\000e\000s\000\040\000a\000n\000d\000\040\000A\000l\000d\000e\000h\000y\000d\000e\000s}{subsection.18.5}% 114
\BOOKMARK [3][-]{subsubsection.18.5.2}{\376\377\000P\000r\000o\000t\000o\000n\000\040\000N\000M\000R\000\040\000S\000p\000e\000c\000t\000r\000a\000\040\000o\000f\000\040\000K\000e\000t\000o\000n\000e\000s\000\040\000a\000n\000d\000\040\000A\000l\000d\000e\000h\000y\000d\000e\000s}{subsection.18.5}% 115
\BOOKMARK [3][-]{subsubsection.18.5.3}{\376\377\000C\000a\000r\000b\000o\000n\000\040\000N\000M\000R\000\040\000S\000p\000e\000c\000t\000r\000a\000\040\000o\000f\000\040\000K\000e\000t\000o\000n\000e\000s\000\040\000a\000n\000d\000\040\000A\000l\000d\000e\000h\000y\000d\000e\000s}{subsection.18.5}% 116
\BOOKMARK [3][-]{subsubsection.18.5.4}{\376\377\000M\000a\000s\000s\000\040\000S\000p\000e\000c\000t\000r\000a\000\040\000o\000f\000\040\000K\000e\000t\000o\000n\000e\000s\000\040\000a\000n\000d\000\040\000A\000l\000d\000e\000h\000y\000d\000e\000s}{subsection.18.5}% 117
\BOOKMARK [3][-]{subsubsection.18.5.5}{\376\377\000U\000l\000t\000r\000a\000v\000i\000o\000l\000e\000t\000\040\000S\000p\000e\000c\000t\000r\000a\000\040\000o\000f\000\040\000K\000e\000t\000o\000n\000e\000s\000\040\000a\000n\000d\000\040\000A\000l\000d\000e\000h\000y\000d\000e\000s}{subsection.18.5}% 118
\BOOKMARK [2][-]{subsection.18.6}{\376\377\000I\000n\000d\000u\000s\000t\000r\000i\000a\000l\000\040\000I\000m\000p\000o\000r\000t\000a\000n\000c\000e\000\040\000o\000f\000\040\000K\000e\000t\000o\000n\000e\000s\000\040\000a\000n\000d\000\040\000A\000l\000d\000e\000h\000y\000d\000e\000s\000\040\0002\0000\0002\0006\0000\0004\0000\0009}{section.18}% 119
\BOOKMARK [2][-]{subsection.18.7}{\376\377\000R\000e\000v\000i\000e\000w\000\040\000o\000f\000\040\000S\000y\000n\000t\000h\000e\000s\000e\000s\000\040\000o\000f\000\040\000K\000e\000t\000o\000n\000e\000s\000\040\000a\000n\000d\000\040\000A\000l\000d\000e\000h\000y\000d\000e\000s\000\040\0002\0000\0002\0006\0000\0004\0001\0004}{section.18}% 120
\BOOKMARK [3][-]{subsubsection.18.7.1}{\376\377\000K\000e\000t\000o\000n\000e\000s\000\040\000a\000n\000d\000\040\000A\000l\000d\000e\000h\000y\000d\000e\000s\000\040\000f\000r\000o\000m\000\040\000O\000x\000i\000d\000a\000t\000i\000o\000n\000\040\000o\000f\000\040\000A\000l\000c\000o\000h\000o\000l\000s}{subsection.18.7}% 121
\BOOKMARK [3][-]{subsubsection.18.7.2}{\376\377\000K\000e\000t\000o\000n\000e\000s\000\040\000a\000n\000d\000\040\000A\000l\000d\000e\000h\000y\000d\000e\000s\000\040\000f\000r\000o\000m\000\040\000O\000z\000o\000n\000o\000l\000y\000s\000i\000s\000\040\000o\000f\000\040\000A\000l\000k\000e\000n\000e\000s}{subsection.18.7}% 122
\BOOKMARK [3][-]{subsubsection.18.7.3}{\376\377\000P\000h\000e\000n\000y\000l\000\040\000K\000e\000t\000o\000n\000e\000s\000\040\000a\000n\000d\000\040\000A\000l\000d\000e\000h\000y\000d\000e\000s\000:\000\040\000F\000r\000i\000e\000d\000e\000l\040\023\000C\000r\000a\000f\000t\000s\000\040\000A\000c\000y\000l\000a\000t\000i\000o\000n}{subsection.18.7}% 123
\BOOKMARK [3][-]{subsubsection.18.7.4}{\376\377\000K\000e\000t\000o\000n\000e\000s\000\040\000a\000n\000d\000\040\000A\000l\000d\000e\000h\000y\000d\000e\000s\000\040\000f\000r\000o\000m\000\040\000H\000y\000d\000r\000a\000t\000i\000o\000n\000\040\000o\000f\000\040\000A\000l\000k\000y\000n\000e\000s}{subsection.18.7}% 124
\BOOKMARK [2][-]{subsection.18.8}{\376\377\000S\000y\000n\000t\000h\000e\000s\000i\000s\000\040\000o\000f\000\040\000K\000e\000t\000o\000n\000e\000s\000\040\000a\000n\000d\000\040\000A\000l\000d\000e\000h\000y\000d\000e\000s\000\040\000U\000s\000i\000n\000g\000\040\0001\000,\0003\000-\000D\000i\000t\000h\000i\000a\000n\000e\000s\000\040\0002\0000\0002\0006\0000\0004\0001\0004}{section.18}% 125
\BOOKMARK [2][-]{subsection.18.9}{\376\377\000S\000y\000n\000t\000h\000e\000s\000i\000s\000\040\000o\000f\000\040\000K\000e\000t\000o\000n\000e\000s\000\040\000f\000r\000o\000m\000\040\000C\000a\000r\000b\000o\000x\000y\000l\000i\000c\000\040\000A\000c\000i\000d\000s\000\040\0002\0000\0002\0006\0000\0004\0001\0004}{section.18}% 126
\BOOKMARK [2][-]{subsection.18.10}{\376\377\000S\000y\000n\000t\000h\000e\000s\000i\000s\000\040\000o\000f\000\040\000K\000e\000t\000o\000n\000e\000s\000\040\000a\000n\000d\000\040\000A\000l\000d\000e\000h\000y\000d\000e\000s\000\040\000f\000r\000o\000m\000\040\000N\000i\000t\000r\000i\000l\000e\000s\000\040\0002\0000\0002\0004\0000\0004\0001\0004}{section.18}% 127
\BOOKMARK [2][-]{subsection.18.11}{\376\377\000S\000y\000n\000t\000h\000e\000s\000i\000s\000\040\000o\000f\000\040\000A\000l\000d\000e\000h\000y\000d\000e\000s\000\040\000a\000n\000d\000\040\000K\000e\000t\000o\000n\000e\000s\000\040\000f\000r\000o\000m\000\040\000A\000c\000i\000d\000\040\000C\000h\000l\000o\000r\000i\000d\000e\000s\000\040\000a\000n\000d\000\040\000E\000s\000t\000e\000r\000s\000\040\0002\0000\0002\0006\0000\0004\0001\0004}{section.18}% 128
\BOOKMARK [2][-]{subsection.18.12}{\376\377\000R\000e\000a\000c\000t\000i\000o\000n\000s\000\040\000o\000f\000\040\000K\000e\000t\000o\000n\000e\000s\000\040\000a\000n\000d\000\040\000A\000l\000d\000e\000h\000y\000d\000e\000s\000:\000\040\000I\000n\000t\000r\000o\000d\000u\000c\000t\000i\000o\000n\000\040\000t\000o\000\040\000N\000u\000c\000l\000e\000o\000p\000h\000i\000l\000i\000c\000\040\000A\000d\000d\000i\000t\000i\000o\000n\000\040\0002\0000\0002\0006\0000\0004\0001\0004}{section.18}% 129
\BOOKMARK [2][-]{subsection.18.13}{\376\377\000T\000h\000e\000\040\000W\000i\000t\000t\000i\000g\000\040\000R\000e\000a\000c\000t\000i\000o\000n\000\040\0002\0000\0002\0006\0000\0004\0001\0004\000\040\0002\0000\0002\0006\0000\0004\0001\0006}{section.18}% 130
\BOOKMARK [2][-]{subsection.18.14}{\376\377\000H\000y\000d\000r\000a\000t\000i\000o\000n\000\040\000o\000f\000\040\000K\000e\000t\000o\000n\000e\000s\000\040\000a\000n\000d\000\040\000A\000l\000d\000e\000h\000y\000d\000e\000s\000\040\0002\0000\0002\0006\0000\0004\0001\0006}{section.18}% 131
\BOOKMARK [2][-]{subsection.18.15}{\376\377\000F\000o\000r\000m\000a\000t\000i\000o\000n\000\040\000o\000f\000\040\000C\000y\000a\000n\000o\000h\000y\000d\000r\000i\000n\000s\000\040\0002\0000\0002\0006\0000\0004\0001\0006}{section.18}% 132
\BOOKMARK [2][-]{subsection.18.16}{\376\377\000F\000o\000r\000m\000a\000t\000i\000o\000n\000\040\000o\000f\000\040\000I\000m\000i\000n\000e\000s\000\040\0002\0000\0002\0006\0000\0004\0001\0006}{section.18}% 133
\BOOKMARK [2][-]{subsection.18.17}{\376\377\000C\000o\000n\000d\000e\000n\000s\000a\000t\000i\000o\000n\000s\000\040\000w\000i\000t\000h\000\040\000H\000y\000d\000r\000o\000x\000y\000l\000a\000m\000i\000n\000e\000\040\000a\000n\000d\000\040\000H\000y\000d\000r\000a\000z\000i\000n\000e\000s\000\040\0002\0000\0002\0006\0000\0004\0001\0006}{section.18}% 134
\BOOKMARK [2][-]{subsection.18.18}{\376\377\000F\000o\000r\000m\000a\000t\000i\000o\000n\000\040\000o\000f\000\040\000A\000c\000e\000t\000a\000l\000s\000\040\0002\0000\0002\0006\0000\0004\0001\0006}{section.18}% 135
\BOOKMARK [2][-]{subsection.18.19}{\376\377\000U\000s\000e\000\040\000o\000f\000\040\000A\000c\000e\000t\000a\000l\000s\000\040\000a\000s\000\040\000P\000r\000o\000t\000e\000c\000t\000i\000n\000g\000\040\000G\000r\000o\000u\000p\000s\000\040\0002\0000\0002\0006\0000\0004\0001\0006\000\040\0002\0000\0002\0006\0000\0004\0002\0001}{section.18}% 136
\BOOKMARK [2][-]{subsection.18.20}{\376\377\000O\000x\000i\000d\000a\000t\000i\000o\000n\000\040\000o\000f\000\040\000A\000l\000d\000e\000h\000y\000d\000e\000s\000\040\0002\0000\0002\0006\0004\0000\0004\0001\0006}{section.18}% 137
\BOOKMARK [2][-]{subsection.18.21}{\376\377\000R\000e\000d\000u\000c\000t\000i\000o\000n\000s\000\040\000o\000f\000\040\000K\000e\000t\000o\000n\000e\000s\000\040\000a\000n\000d\000\040\000A\000l\000d\000e\000h\000y\000d\000e\000s\000\040\0002\0000\0002\0005\0000\0004\0002\0001}{section.18}% 138
\BOOKMARK [3][-]{subsubsection.18.21.1}{\376\377\000H\000y\000d\000r\000i\000d\000e\000\040\000R\000e\000d\000u\000c\000t\000i\000o\000n\000s\000\040\000\050\000R\000e\000v\000i\000e\000w\000\051}{subsection.18.21}% 139
\BOOKMARK [3][-]{subsubsection.18.21.2}{\376\377\000C\000a\000t\000a\000l\000y\000t\000i\000c\000\040\000H\000y\000d\000r\000o\000g\000e\000n\000a\000t\000i\000o\000n}{subsection.18.21}% 140
\BOOKMARK [3][-]{subsubsection.18.21.3}{\376\377\000D\000e\000o\000x\000y\000g\000e\000n\000a\000t\000i\000o\000n\000\040\000o\000f\000\040\000K\000e\000t\000o\000n\000e\000s\000\040\000a\000n\000d\000\040\000A\000l\000d\000e\000h\000y\000d\000e\000s}{subsection.18.21}% 141
\BOOKMARK [1][-]{section.19}{\376\377\000A\000m\000i\000n\000e\000s}{}% 142
\BOOKMARK [2][-]{subsection.19.1}{\376\377\000I\000n\000t\000r\000o\000d\000u\000c\000t\000i\000o\000n\000\040\0002\0000\0002\0006\0000\0004\0002\0001}{section.19}% 143
\BOOKMARK [2][-]{subsection.19.2}{\376\377\000N\000o\000m\000e\000n\000c\000l\000a\000t\000u\000r\000e\000\040\000o\000f\000\040\000A\000m\000i\000n\000e\000s\000\040\0002\0000\0002\0006\0000\0004\0002\0001\000\040\0002\0000\0002\0006\0000\0004\0002\0003}{section.19}% 144
\BOOKMARK [3][-]{subsubsection.19.2.1}{\376\377\000C\000o\000m\000m\000o\000n\000\040\000N\000a\000m\000e\000s}{subsection.19.2}% 145
\BOOKMARK [3][-]{subsubsection.19.2.2}{\376\377\000I\000U\000P\000A\000C\000\040\000N\000a\000m\000e\000s}{subsection.19.2}% 146
\BOOKMARK [2][-]{subsection.19.3}{\376\377\000S\000t\000r\000u\000c\000t\000u\000r\000e\000\040\000o\000f\000\040\000A\000m\000i\000n\000e\000s\000\040\0002\0000\0002\0006\0000\0004\0002\0003}{section.19}% 147
\BOOKMARK [2][-]{subsection.19.4}{\376\377\000P\000h\000y\000s\000i\000c\000a\000l\000\040\000P\000r\000o\000p\000e\000r\000t\000i\000e\000s\000\040\000o\000f\000\040\000A\000m\000i\000n\000e\000s\000\040\0002\0000\0002\0006\0000\0004\0002\0003}{section.19}% 148
\BOOKMARK [2][-]{subsection.19.5}{\376\377\000B\000a\000s\000i\000c\000i\000t\000y\000\040\000o\000f\000\040\000A\000m\000i\000n\000e\000s\000\040\0002\0000\0002\0006\0000\0004\0002\0003}{section.19}% 149
\BOOKMARK [2][-]{subsection.19.6}{\376\377\000E\000f\000f\000e\000c\000t\000s\000\040\000o\000n\000\040\000A\000m\000i\000n\000e\000\040\000B\000a\000s\000i\000c\000i\000t\000y\000\040\0002\0000\0002\0006\0000\0004\0002\0003\000\040\0002\0000\0002\0006\0000\0004\0002\0008}{section.19}% 150
\BOOKMARK [2][-]{subsection.19.7}{\376\377\000S\000a\000l\000t\000s\000\040\000o\000f\000\040\000A\000m\000i\000n\000e\000s\000\040\0002\0000\0006\0000\0004\0002\0008}{section.19}% 151
\BOOKMARK [2][-]{subsection.19.8}{\376\377\000P\000h\000a\000s\000e\000\040\000T\000r\000a\000n\000s\000f\000e\000r\000\040\000C\000a\000t\000a\000l\000y\000s\000t\000s\000\040\0002\0000\0002\0006\0000\0004\0002\0008}{section.19}% 152
\BOOKMARK [2][-]{subsection.19.9}{\376\377\000S\000p\000e\000c\000t\000r\000o\000s\000c\000o\000p\000y\000\040\000o\000f\000\040\000A\000m\000i\000n\000e\000s}{section.19}% 153
\BOOKMARK [3][-]{subsubsection.19.9.1}{\376\377\000I\000n\000f\000r\000a\000r\000e\000d\000\040\000S\000p\000e\000c\000t\000r\000o\000s\000c\000o\000p\000y}{subsection.19.9}% 154
\BOOKMARK [3][-]{subsubsection.19.9.2}{\376\377\000P\000r\000o\000t\000o\000n\000\040\000N\000M\000R\000\040\000S\000p\000e\000c\000t\000r\000o\000s\000c\000o\000p\000y}{subsection.19.9}% 155
\BOOKMARK [3][-]{subsubsection.19.9.3}{\376\377\000C\000a\000r\000b\000o\000n\000\040\000N\000M\000R\000\040\000S\000p\000e\000c\000t\000r\000o\000s\000c\000o\000p\000y}{subsection.19.9}% 156
\BOOKMARK [3][-]{subsubsection.19.9.4}{\376\377\000M\000a\000s\000s\000\040\000S\000p\000e\000c\000t\000r\000o\000m\000e\000t\000r\000y}{subsection.19.9}% 157
\BOOKMARK [2][-]{subsection.19.10}{\376\377\000R\000e\000a\000c\000t\000i\000o\000n\000s\000\040\000o\000f\000\040\000A\000m\000i\000n\000e\000s\000\040\000w\000i\000t\000h\000\040\000K\000e\000t\000o\000n\000e\000s\000\040\000a\000n\000d\000\040\000A\000l\000d\000e\000h\000y\000d\000e\000s\000\040\000\050\000R\000e\000v\000i\000e\000w\000\051\000\040\0002\0000\0002\0006\0000\0004\0002\0008}{section.19}% 158
\BOOKMARK [2][-]{subsection.19.11}{\376\377\000A\000r\000o\000m\000a\000t\000i\000c\000\040\000S\000u\000b\000s\000t\000i\000t\000u\000t\000i\000o\000n\000\040\000o\000f\000\040\000A\000r\000y\000l\000a\000m\000i\000n\000e\000s\000\040\000a\000n\000d\000\040\000P\000y\000r\000i\000d\000i\000n\000e\000\040\0002\0000\0002\0006\0000\0004\0002\0008}{section.19}% 159
\BOOKMARK [3][-]{subsubsection.19.11.1}{\376\377\000E\000l\000e\000c\000t\000r\000o\000p\000h\000i\000l\000i\000c\000\040\000A\000r\000o\000m\000a\000t\000i\000c\000\040\000S\000u\000b\000s\000t\000i\000t\000u\000t\000i\000o\000n\000\040\000o\000f\000\040\000A\000r\000y\000l\000a\000m\000i\000n\000e\000s}{subsection.19.11}% 160
\BOOKMARK [3][-]{subsubsection.19.11.2}{\376\377\000E\000l\000e\000c\000t\000r\000o\000p\000h\000i\000l\000i\000c\000\040\000A\000r\000o\000m\000a\000t\000i\000c\000\040\000S\000u\000b\000s\000t\000i\000t\000u\000t\000i\000o\000n\000\040\000o\000f\000\040\000P\000y\000r\000i\000d\000i\000n\000e}{subsection.19.11}% 161
\BOOKMARK [3][-]{subsubsection.19.11.3}{\376\377\000N\000u\000c\000l\000e\000o\000p\000h\000i\000l\000i\000c\000\040\000A\000r\000o\000m\000a\000t\000i\000c\000\040\000S\000u\000b\000s\000t\000i\000t\000u\000t\000i\000o\000n\000\040\000o\000f\000\040\000P\000y\000r\000i\000d\000i\000n\000e}{subsection.19.11}% 162
\BOOKMARK [2][-]{subsection.19.12}{\376\377\000A\000l\000k\000y\000l\000a\000t\000i\000o\000n\000\040\000o\000f\000\040\000A\000m\000i\000n\000e\000s\000\040\000b\000y\000\040\000A\000l\000k\000y\000l\000\040\000H\000a\000l\000i\000d\000e\000s\000\040\0002\0000\0002\0006\0000\0004\0002\0008}{section.19}% 163
\BOOKMARK [2][-]{subsection.19.13}{\376\377\000A\000c\000y\000l\000a\000t\000i\000o\000n\000\040\000o\000f\000\040\000A\000m\000i\000n\000e\000s\000\040\000b\000y\000\040\000A\000c\000i\000d\000\040\000C\000h\000l\000o\000r\000i\000d\000e\000s\000\040\0002\0000\0002\0006\0000\0004\0002\0008}{section.19}% 164
\BOOKMARK [2][-]{subsection.19.14}{\376\377\000F\000o\000r\000m\000a\000t\000i\000o\000n\000\040\000o\000f\000\040\000S\000u\000l\000f\000o\000n\000a\000m\000i\000d\000e\000s\000\040\0002\0000\0002\0006\0004\0000\0002\0008}{section.19}% 165
\BOOKMARK [2][-]{subsection.19.15}{\376\377\000A\000m\000i\000n\000e\000s\000\040\000a\000s\000\040\000L\000e\000a\000v\000i\000n\000g\000\040\000G\000r\000o\000u\000p\000s\000:\000\040\000T\000h\000e\000\040\000H\000o\000f\000m\000a\000n\000n\000\040\000E\000l\000i\000m\000i\000n\000a\000t\000i\000o\000n\000\040\0002\0000\0002\0006\0000\0004\0002\0008}{section.19}% 166
\BOOKMARK [2][-]{subsection.19.16}{\376\377\000O\000x\000i\000d\000a\000t\000i\000o\000n\000\040\000o\000f\000\040\000A\000m\000i\000n\000e\000s\000;\000\040\000T\000h\000e\000\040\000C\000o\000p\000e\000\040\000E\000l\000i\000m\000i\000n\000a\000t\000i\000o\000n\000\040\0002\0000\0002\0006\0000\0004\0003\0000}{section.19}% 167
\BOOKMARK [2][-]{subsection.19.17}{\376\377\000R\000e\000a\000c\000t\000i\000o\000n\000s\000\040\000o\000f\000\040\000A\000r\000e\000n\000e\000d\000i\000a\000z\000o\000n\000i\000u\000m\000\040\000S\000a\000l\000t\000s\000\040\0002\0000\0002\0006\0000\0004\0003\0000\000\040\0002\0000\0002\0006\0000\0005\0000\0007}{section.19}% 168
\BOOKMARK [2][-]{subsection.19.18}{\376\377\000S\000y\000n\000t\000h\000e\000s\000i\000s\000\040\000o\000f\000\040\000A\000m\000i\000n\000e\000s\000\040\000b\000y\000\040\000R\000e\000d\000u\000c\000t\000i\000v\000e\000\040\000A\000m\000i\000n\000a\000t\000i\000o\000n\000\040\0002\0000\0002\0006\0000\0005\0000\0007}{section.19}% 169
\BOOKMARK [2][-]{subsection.19.19}{\376\377\000S\000y\000n\000t\000h\000e\000s\000i\000s\000\040\000o\000f\000\040\000A\000m\000i\000n\000e\000s\000\040\000b\000y\000\040\000A\000c\000y\000l\000a\000t\000i\000o\000n\040\023\000R\000e\000d\000u\000c\000t\000i\000o\000n\000\040\0002\0000\0002\0006\0000\0005\0000\0007}{section.19}% 170
\BOOKMARK [2][-]{subsection.19.20}{\376\377\000S\000y\000n\000t\000h\000e\000s\000e\000s\000\040\000L\000i\000m\000i\000t\000e\000d\000\040\000t\000o\000\040\000P\000r\000i\000m\000a\000r\000y\000\040\000A\000m\000i\000n\000e\000s\000\040\0002\0000\0002\0006\0000\0005\0000\0007}{section.19}% 171
\BOOKMARK [3][-]{subsubsection.19.20.1}{\376\377\000D\000i\000r\000e\000c\000t\000\040\000A\000l\000k\000y\000l\000a\000t\000i\000o\000n\000\040\000a\000n\000d\000\040\000G\000a\000b\000r\000i\000e\000l\000\040\000S\000y\000n\000t\000h\000e\000s\000i\000s}{subsection.19.20}% 172
\BOOKMARK [3][-]{subsubsection.19.20.2}{\376\377\000R\000e\000d\000u\000c\000t\000i\000o\000n\000\040\000o\000f\000\040\000A\000z\000i\000d\000e\000s\000\040\000a\000n\000d\000\040\000N\000i\000t\000r\000i\000l\000e\000s}{subsection.19.20}% 173
\BOOKMARK [3][-]{subsubsection.19.20.3}{\376\377\000T\000h\000e\000\040\000H\000o\000f\000m\000a\000n\000n\000\040\000R\000e\000a\000r\000r\000a\000n\000g\000e\000m\000e\000n\000t\000\040\000o\000f\000\040\000A\000m\000i\000d\000e\000s}{subsection.19.20}% 174
\BOOKMARK [1][-]{section.20}{\376\377\000C\000a\000r\000b\000o\000x\000y\000l\000i\000c\000\040\000A\000c\000i\000d\000s}{}% 175
\BOOKMARK [2][-]{subsection.20.1}{\376\377\000I\000n\000t\000r\000o\000d\000u\000c\000t\000i\000o\000n\000\040\0002\0000\0002\0006\0000\0005\0001\0002}{section.20}% 176
\BOOKMARK [2][-]{subsection.20.2}{\376\377\000N\000o\000m\000e\000n\000c\000l\000a\000t\000u\000r\000e\000\040\000o\000f\000\040\000C\000a\000r\000b\000o\000x\000y\000l\000i\000c\000\040\000A\000c\000i\000d\000s\000\040\0002\0000\0002\0006\0000\0005\0001\0002}{section.20}% 177
\BOOKMARK [3][-]{subsubsection.20.2.1}{\376\377\000C\000o\000m\000m\000o\000n\000n\000\040\000N\000a\000m\000e\000s}{subsection.20.2}% 178
\BOOKMARK [3][-]{subsubsection.20.2.2}{\376\377\000I\000U\000P\000A\000C\000\040\000N\000a\000m\000e\000s}{subsection.20.2}% 179
\BOOKMARK [3][-]{subsubsection.20.2.3}{\376\377\000N\000o\000m\000e\000n\000c\000l\000a\000t\000u\000r\000e\000\040\000o\000f\000\040\000D\000i\000c\000a\000r\000b\000o\000x\000y\000l\000i\000c\000\040\000A\000c\000i\000d\000s}{subsection.20.2}% 180
\BOOKMARK [2][-]{subsection.20.3}{\376\377\000S\000t\000r\000u\000c\000t\000u\000r\000e\000\040\000a\000n\000d\000\040\000P\000h\000y\000s\000i\000c\000a\000l\000\040\000P\000r\000o\000p\000e\000r\000t\000i\000e\000s\000\040\000o\000f\000\040\000C\000a\000r\000b\000o\000x\000y\000l\000i\000c\000\040\000A\000c\000i\000d\000s\000\040\0002\0000\0002\0006\0000\0005\0001\0002}{section.20}% 181
\BOOKMARK [2][-]{subsection.20.4}{\376\377\000A\000c\000i\000d\000i\000t\000y\000\040\000o\000f\000\040\000C\000a\000r\000b\000o\000x\000y\000l\000i\000c\000\040\000A\000c\000i\000d\000s\000\040\0002\0000\0002\0006\0000\0005\0001\0002}{section.20}% 182
\BOOKMARK [3][-]{subsubsection.20.4.1}{\376\377\000M\000e\000a\000s\000u\000r\000e\000m\000e\000n\000t\000\040\000o\000f\000\040\000A\000c\000i\000d\000i\000t\000y}{subsection.20.4}% 183
\BOOKMARK [3][-]{subsubsection.20.4.2}{\376\377\000S\000u\000b\000s\000t\000i\000t\000u\000e\000n\000t\000\040\000E\000f\000f\000e\000c\000t\000s\000\040\000o\000n\000\040\000A\000c\000i\000d\000i\000t\000y}{subsection.20.4}% 184
\BOOKMARK [2][-]{subsection.20.5}{\376\377\000S\000a\000l\000t\000s\000\040\000o\000f\000\040\000C\000a\000r\000b\000o\000x\000y\000l\000i\000c\000\040\000A\000c\000i\000d\000s\000\040\0002\0000\0002\0006\0000\0005\0001\0002}{section.20}% 185
\BOOKMARK [2][-]{subsection.20.6}{\376\377\000C\000o\000m\000m\000e\000r\000c\000i\000a\000l\000\040\000S\000o\000u\000r\000c\000e\000s\000\040\000o\000f\000\040\000C\000a\000r\000b\000o\000x\000y\000l\000i\000c\000\040\000A\000c\000i\000d\000s\000\040\0002\0000\0002\0006\0000\0005\0001\0002}{section.20}% 186
\BOOKMARK [2][-]{subsection.20.7}{}{section.20}% 187
\BOOKMARK [2][-]{subsection.20.8}{}{section.20}% 188
\BOOKMARK [2][-]{subsection.20.9}{}{section.20}% 189
\BOOKMARK [2][-]{subsection.20.10}{\376\377\000C\000o\000n\000d\000e\000n\000s\000a\000t\000i\000o\000n\000\040\000o\000f\000\040\000A\000c\000i\000d\000s\000\040\000w\000i\000t\000h\000\040\000A\000l\000c\000o\000h\000o\000l\000s\000:\000\040\000T\000h\000e\000\040\000F\000i\000s\000c\000h\000e\000r\000\040\000E\000s\000t\000e\000r\000i\000f\000i\000c\000a\000t\000i\000o\000n\000\040\0002\0000\0002\0006\0000\0005\0001\0004}{section.20}% 190
\BOOKMARK [2][-]{subsection.20.11}{\376\377\000E\000s\000t\000e\000r\000i\000f\000i\000c\000a\000t\000i\000o\000n\000\040\000U\000s\000i\000n\000g\000\040\000D\000i\000a\000z\000o\000m\000e\000t\000h\000a\000n\000e\000\040\0002\0000\0002\0006\0000\0005\0001\0009}{section.20}% 191
\BOOKMARK [2][-]{subsection.20.12}{\376\377\000C\000o\000n\000d\000e\000n\000s\000a\000t\000i\000o\000n\000\040\000o\000f\000\040\000A\000c\000i\000d\000s\000\040\000w\000i\000t\000h\000\040\000A\000m\000i\000n\000e\000s\000:\000\040\000D\000i\000r\000e\000c\000t\000\040\000S\000y\000n\000t\000h\000e\000s\000i\000s\000\040\000o\000f\000\040\000A\000m\000i\000d\000e\000s\000\040\0002\0000\0002\0006\0000\0005\0001\0009}{section.20}% 192
\BOOKMARK [2][-]{subsection.20.13}{\376\377\000R\000e\000d\000u\000c\000t\000i\000o\000n\000\040\000o\000f\000\040\000C\000a\000r\000b\000o\000x\000y\000l\000i\000c\000\040\000A\000c\000i\000d\000s\000\040\0002\0000\0002\0006\0000\0005\0001\0009}{section.20}% 193
\BOOKMARK [2][-]{subsection.20.14}{\376\377\000A\000l\000k\000y\000l\000a\000t\000i\000o\000n\000\040\000o\000f\000\040\000C\000a\000r\000b\000o\000x\000y\000l\000i\000c\000\040\000A\000c\000i\000d\000s\000\040\000t\000o\000\040\000F\000o\000r\000m\000\040\000K\000e\000t\000o\000n\000e\000s\000\040\0002\0000\0002\0006\0000\0005\0001\0009}{section.20}% 194
\BOOKMARK [2][-]{subsection.20.15}{\376\377\000S\000y\000n\000t\000h\000e\000s\000i\000s\000\040\000a\000n\000d\000\040\000U\000s\000e\000\040\000o\000f\000\040\000A\000c\000i\000d\000\040\000C\000h\000l\000o\000r\000i\000d\000e\000s\000\040\0002\0000\0002\0006\0000\0005\0001\0009}{section.20}% 195
\BOOKMARK [1][-]{section.21}{\376\377\000C\000a\000r\000b\000o\000x\000y\000l\000i\000c\000\040\000A\000c\000i\000d\000\040\000D\000e\000r\000i\000v\000a\000t\000i\000v\000e\000s}{}% 196
\BOOKMARK [2][-]{subsection.21.1}{\376\377\000I\000n\000t\000r\000o\000d\000u\000c\000t\000i\000o\000n\000\040\0002\0000\0002\0006\0000\0005\0001\0009}{section.21}% 197
\BOOKMARK [2][-]{subsection.21.2}{\376\377\000S\000t\000r\000u\000c\000t\000u\000r\000e\000\040\000a\000n\000d\000\040\000N\000o\000m\000e\000n\000c\000l\000a\000t\000u\000r\000e\000\040\000o\000f\000\040\000A\000c\000i\000d\000\040\000D\000e\000r\000i\000v\000a\000t\000i\000v\000e\000s\000\040\0002\0000\0002\0006\0000\0005\0001\0009\000\040\0002\0000\0002\0006\0000\0005\0002\0001}{section.21}% 198
\BOOKMARK [3][-]{subsubsection.21.2.1}{\376\377\000E\000s\000t\000e\000r\000s\000\040\000o\000f\000\040\000C\000a\000r\000b\000o\000x\000y\000l\000i\000c\000\040\000A\000c\000i\000d\000s}{subsection.21.2}% 199
\BOOKMARK [3][-]{subsubsection.21.2.2}{\376\377\000A\000m\000i\000d\000e\000s}{subsection.21.2}% 200
\BOOKMARK [3][-]{subsubsection.21.2.3}{\376\377\000N\000i\000t\000r\000i\000l\000e\000s}{subsection.21.2}% 201
\BOOKMARK [3][-]{subsubsection.21.2.4}{\376\377\000A\000c\000i\000d\000\040\000H\000a\000l\000i\000d\000e\000s}{subsection.21.2}% 202
\BOOKMARK [3][-]{subsubsection.21.2.5}{\376\377\000A\000c\000i\000d\000\040\000A\000n\000h\000y\000d\000r\000i\000d\000e\000s}{subsection.21.2}% 203
\BOOKMARK [3][-]{subsubsection.21.2.6}{\376\377\000N\000o\000m\000e\000n\000c\000l\000a\000t\000u\000r\000e\000\040\000o\000f\000\040\000M\000u\000l\000t\000i\000f\000u\000n\000c\000t\000i\000o\000n\000a\000l\000\040\000C\000o\000m\000p\000o\000u\000n\000d\000s}{subsection.21.2}% 204
\BOOKMARK [2][-]{subsection.21.3}{\376\377\000P\000h\000y\000s\000i\000c\000a\000l\000\040\000P\000r\000o\000p\000e\000r\000t\000i\000e\000s\000\040\000o\000f\000\040\000C\000a\000r\000b\000o\000x\000y\000l\000i\000c\000\040\000A\000c\000i\000d\000\040\000D\000e\000r\000i\000v\000a\000t\000i\000v\000e\000s\000\040\0002\0000\0002\0006\0000\0005\0002\0001}{section.21}% 205
\BOOKMARK [3][-]{subsubsection.21.3.1}{\376\377\000B\000o\000i\000l\000i\000n\000g\000\040\000P\000o\000i\000n\000t\000s\000\040\000a\000n\000d\000\040\000M\000e\000l\000t\000i\000n\000g\000\040\000P\000o\000i\000n\000t\000s}{subsection.21.3}% 206
\BOOKMARK [3][-]{subsubsection.21.3.2}{\376\377\000S\000o\000l\000u\000b\000i\000l\000i\000t\000y}{subsection.21.3}% 207
\BOOKMARK [2][-]{subsection.21.4}{\376\377\000S\000p\000e\000c\000t\000r\000o\000s\000c\000o\000p\000y\000\040\000o\000f\000\040\000C\000a\000r\000b\000o\000x\000y\000l\000i\000c\000\040\000A\000c\000i\000d\000\040\000D\000e\000r\000i\000v\000a\000t\000i\000v\000e\000s\000\040\0002\0000\0002\0006\0000\0005\0002\0001}{section.21}% 208
\BOOKMARK [3][-]{subsubsection.21.4.1}{\376\377\000I\000n\000f\000r\000a\000r\000e\000d\000\040\000S\000p\000e\000c\000t\000r\000o\000s\000c\000o\000p\000y}{subsection.21.4}% 209
\BOOKMARK [3][-]{subsubsection.21.4.2}{\376\377\000N\000M\000R\000\040\000S\000p\000e\000c\000t\000r\000o\000s\000c\000o\000p\000y}{subsection.21.4}% 210
\BOOKMARK [2][-]{subsection.21.5}{\376\377\000I\000n\000t\000e\000r\000c\000o\000n\000v\000e\000r\000s\000i\000o\000n\000\040\000o\000f\000\040\000A\000c\000i\000d\000\040\000D\000e\000r\000i\000v\000a\000t\000i\000v\000e\000s\000\040\000b\000y\000\040\000N\000u\000c\000l\000e\000o\000p\000h\000i\000l\000i\000c\000\040\000A\000c\000y\000l\000\040\000S\000u\000b\000s\000t\000i\000t\000u\000t\000i\000o\000n\000\040\0002\0000\0002\0006\0000\0005\0002\0001\000\040\0002\0000\0002\0006\0000\0005\0002\0006}{section.21}% 211
\BOOKMARK [3][-]{subsubsection.21.5.1}{\376\377\000R\000e\000a\000c\000t\000i\000v\000i\000t\000y\000\040\000o\000f\000\040\000A\000c\000i\000d\000\040\000D\000e\000r\000i\000v\000a\000t\000i\000v\000e}{subsection.21.5}% 212
\BOOKMARK [3][-]{subsubsection.21.5.2}{\376\377\000F\000a\000v\000o\000r\000a\000b\000l\000e\000\040\000I\000n\000t\000e\000r\000c\000o\000n\000v\000e\000r\000s\000i\000o\000n\000s\000\040\000o\000f\000\040\000A\000c\000i\000d\000\040\000D\000e\000r\000i\000v\000a\000t\000i\000v\000e\000s}{subsection.21.5}% 213
\BOOKMARK [3][-]{subsubsection.21.5.3}{\376\377\000L\000e\000a\000v\000i\000n\000g\000\040\000G\000r\000o\000u\000p\000s\000\040\000i\000n\000\040\000N\000u\000c\000l\000e\000o\000p\000h\000i\000l\000i\000c\000\040\000A\000c\000y\000l\000\040\000S\000u\000b\000s\000t\000i\000t\000u\000t\000i\000o\000n\000s}{subsection.21.5}% 214
\BOOKMARK [2][-]{subsection.21.6}{\376\377\000T\000r\000a\000n\000s\000e\000s\000t\000e\000r\000i\000f\000i\000c\000a\000t\000i\000o\000n\000\040\0002\0000\0002\0006\0000\0005\0002\0006}{section.21}% 215
\BOOKMARK [2][-]{subsection.21.7}{\376\377\000H\000y\000d\000r\000o\000l\000y\000s\000i\000s\000\040\000o\000f\000\040\000C\000a\000r\000b\000o\000x\000y\000l\000i\000c\000\040\000A\000c\000i\000d\000\040\000D\000e\000r\000i\000v\000a\000t\000i\000v\000e\000s\000\040\0002\0000\0002\0006\0000\0005\0002\0006}{section.21}% 216
\BOOKMARK [3][-]{subsubsection.21.7.1}{\376\377\000H\000y\000d\000r\000o\000l\000y\000s\000i\000s\000\040\000o\000f\000\040\000A\000c\000i\000d\000\040\000H\000a\000l\000i\000d\000e\000s\000\040\000a\000n\000d\000\040\000A\000n\000h\000y\000d\000r\000i\000d\000e\000s}{subsection.21.7}% 217
\BOOKMARK [3][-]{subsubsection.21.7.2}{\376\377\000H\000y\000d\000r\000o\000l\000y\000s\000i\000s\000\040\000o\000f\000\040\000E\000s\000t\000e\000r\000s}{subsection.21.7}% 218
\BOOKMARK [3][-]{subsubsection.21.7.3}{\376\377\000H\000y\000d\000r\000o\000l\000y\000s\000i\000s\000\040\000o\000f\000\040\000A\000m\000i\000d\000e\000s}{subsection.21.7}% 219
\BOOKMARK [3][-]{subsubsection.21.7.4}{\376\377\000H\000y\000d\000r\000o\000l\000y\000s\000i\000s\000\040\000o\000f\000\040\000N\000i\000t\000r\000i\000l\000e\000s}{subsection.21.7}% 220
\BOOKMARK [2][-]{subsection.21.8}{\376\377\000R\000e\000d\000u\000c\000t\000i\000o\000n\000\040\000o\000f\000\040\000A\000c\000i\000d\000\040\000D\000e\000r\000i\000v\000a\000t\000i\000v\000e\000s\000\040\0002\0000\0002\0006\0000\0005\0002\0006}{section.21}% 221
\BOOKMARK [3][-]{subsubsection.21.8.1}{\376\377\000R\000e\000d\000u\000c\000t\000i\000o\000n\000\040\000t\000o\000\040\000A\000l\000c\000o\000h\000o\000l\000s}{subsection.21.8}% 222
\BOOKMARK [3][-]{subsubsection.21.8.2}{\376\377\000R\000e\000d\000u\000c\000t\000i\000o\000n\000\040\000t\000o\000\040\000A\000l\000d\000e\000h\000y\000d\000e\000s}{subsection.21.8}% 223
\BOOKMARK [3][-]{subsubsection.21.8.3}{\376\377\000R\000e\000d\000u\000c\000t\000i\000o\000n\000\040\000t\000o\000\040\000A\000m\000i\000n\000e\000s}{subsection.21.8}% 224
\BOOKMARK [2][-]{subsection.21.9}{\376\377\000R\000e\000a\000c\000t\000i\000o\000n\000s\000\040\000o\000f\000\040\000A\000c\000i\000d\000\040\000D\000e\000r\000i\000v\000a\000t\000i\000v\000e\000s\000\040\000w\000i\000t\000h\000\040\000O\000r\000g\000a\000n\000o\000m\000e\000t\000a\000l\000l\000i\000c\000\040\000R\000e\000a\000g\000e\000n\000t\000s\000\040\0002\0000\0002\0006\0000\0005\0002\0006}{section.21}% 225
\BOOKMARK [2][-]{subsection.21.10}{\376\377\000S\000u\000m\000m\000a\000r\000y\000\040\000o\000f\000\040\000t\000h\000e\000\040\000C\000h\000e\000m\000i\000s\000t\000r\000y\000\040\000o\000f\000\040\000A\000c\000i\000d\000\040\000C\000h\000l\000o\000r\000i\000d\000e\000s\000\040\0002\0000\0002\0006\0000\0005\0002\0006}{section.21}% 226
\BOOKMARK [2][-]{subsection.21.11}{\376\377\000S\000u\000m\000m\000a\000r\000y\000\040\000o\000f\000\040\000t\000h\000e\000\040\000C\000h\000e\000m\000i\000s\000t\000r\000y\000\040\000o\000f\000\040\000A\000n\000h\000y\000d\000r\000i\000d\000e\000s\000\040\0002\0000\0002\0006\0000\0005\0002\0006}{section.21}% 227
\BOOKMARK [2][-]{subsection.21.12}{\376\377\000S\000u\000m\000m\000a\000r\000y\000\040\000o\000f\000\040\000t\000h\000e\000\040\000C\000h\000e\000m\000i\000s\000t\000r\000y\000\040\000o\000f\000\040\000E\000s\000t\000e\000r\000s\000\040\0002\0000\0002\0006\0000\0005\0002\0006}{section.21}% 228
\BOOKMARK [2][-]{subsection.21.13}{\376\377\000S\000u\000m\000m\000a\000r\000y\000\040\000o\000f\000\040\000t\000h\000e\000\040\000C\000h\000e\000m\000i\000s\000t\000r\000y\000\040\000o\000f\000\040\000A\000m\000i\000d\000e\000s\000\040\0002\0000\0002\0006\0000\0005\0002\0006}{section.21}% 229
\BOOKMARK [2][-]{subsection.21.14}{\376\377\000S\000u\000m\000m\000a\000r\000y\000\040\000o\000f\000\040\000t\000h\000e\000\040\000C\000h\000e\000m\000i\000s\000t\000r\000y\000\040\000o\000f\000\040\000N\000i\000t\000r\000i\000l\000e\000s\000\040\0002\0000\0002\0006\0000\0005\0002\0008}{section.21}% 230
\BOOKMARK [2][-]{subsection.21.15}{\376\377\000T\000h\000i\000o\000e\000s\000t\000e\000r\000s\000\040\0002\0000\0002\0006\0000\0005\0002\0008}{section.21}% 231
\BOOKMARK [2][-]{subsection.21.16}{\376\377\000E\000s\000t\000e\000r\000s\000\040\000a\000n\000d\000\040\000A\000m\000i\000d\000e\000s\000\040\000o\000f\000\040\000C\000a\000r\000b\000o\000n\000i\000c\000\040\000A\000c\000i\000d\000\040\0002\0000\0002\0006\0000\0005\0002\0008}{section.21}% 232
\BOOKMARK [1][-]{section.22}{\376\377\000C\000o\000n\000d\000e\000n\000s\000a\000t\000i\000o\000n\000s\000\040\000a\000n\000d\000\040\000A\000l\000p\000h\000a\000\040\000S\000u\000b\000s\000t\000i\000t\000u\000t\000i\000o\000n\000s\000\040\000o\000f\000\040\000C\000a\000r\000b\000o\000n\000y\000l\000\040\000C\000o\000m\000p\000o\000n\000d\000s}{}% 233
\BOOKMARK [2][-]{subsection.22.1}{\376\377\000I\000n\000t\000r\000o\000d\000u\000c\000t\000i\000o\000n\000\040\0002\0000\0002\0006\0000\0005\0002\0008}{section.22}% 234
